<?xml version="1.0" ?>
<!DOCTYPE coverage SYSTEM "http://cobertura.sourceforge.net/xml/coverage-04.dtd">
<coverage lines-valid="4" lines-covered="3" line-rate="0.75" branches-valid="2" branches-covered="1" branch-rate="0.5" timestamp="0" complexity="0" version="0.1">
  <sources>
    <source>.</source>
  </sources>
  <packages>
    <package name="main" line-rate="0.75" branch-rate="0.5">
      <classes>
        <class name="module.js" filename="src/module.js" line-rate="0.75" branch-rate="0.5">
          <methods>
            <method name="(anonymous_0)" hits="1" signature="()V">
              <lines>
                <line number="1" hits="1"/>
              </lines>
            </method>
          </methods>
          <lines>
            <line number="1" hits="1" branch="false"/>
            <line number="2" hits="1" branch="true" condition-coverage="50% (1/2)"/>
            <line number="3" hits="0" branch="false"/>
            <line number="4" hits="1" branch="false"/>
          </lines>
        </class>
      </classes>
    </package>
  </packages>
</coverage>
